2021-04-20 16:43:47.976357100000 [$pid(ThreadId 5)] ERROR APP - user error (<getModule> loaded module can not find from path. <c:\Users\rhala\Code\ParserCombinators\src\JsonParser.hs> [])
2021-04-20 16:43:48.009649200000 [$pid(ThreadId 5)] ERROR APP - user error (<getModule> loaded module can not find from path. <c:\Users\rhala\Code\ParserCombinators\test\Spec.hs> [])
2021-04-20 16:43:48.060200300000 [$pid(ThreadId 5)] ERROR APP - start debugging failed. user error (ExecResult not found.) : Left "user error (ExecResult not found.)"
2021-04-20 16:44:16.659247200000 [$pid(ThreadId 5)] ERROR APP - user error (<getModule> loaded module can not find from path. <c:\Users\rhala\Code\ParserCombinators\test\Spec.hs> [("JsonParser","C:\\Users\\rhala\\Code\\ParserCombinators\\src\\JsonParser.hs"),("ParserLib","C:\\Users\\rhala\\Code\\ParserCombinators\\src\\ParserLib.hs")])
2021-04-20 16:44:16.747270400000 [$pid(ThreadId 5)] ERROR APP - start debugging failed. user error (ExecResult not found.) : Left "user error (ExecResult not found.)"
2021-04-20 16:47:42.078039600000 [$pid(ThreadId 5)] ERROR APP - user error (<getModule> loaded module can not find from path. <c:\Users\rhala\Code\ParserCombinators\test\Spec.hs> [("JsonParser","C:\\Users\\rhala\\Code\\ParserCombinators\\src\\JsonParser.hs"),("ParserLib","C:\\Users\\rhala\\Code\\ParserCombinators\\src\\ParserLib.hs")])
2021-04-20 16:47:42.119443000000 [$pid(ThreadId 5)] ERROR APP - start debugging failed. user error (ExecResult not found.) : Left "user error (ExecResult not found.)"
2021-04-20 16:49:30.171897000000 [$pid(ThreadId 5)] ERROR APP - user error (<getModule> loaded module can not find from path. <c:\Users\rhala\Code\ParserCombinators\test\Spec.hs> [("JsonParser","C:\\Users\\rhala\\Code\\ParserCombinators\\src\\JsonParser.hs"),("ParserLib","C:\\Users\\rhala\\Code\\ParserCombinators\\src\\ParserLib.hs")])
2021-04-20 16:49:30.243831800000 [$pid(ThreadId 5)] ERROR APP - start debugging failed. user error (ExecResult not found.) : Left "user error (ExecResult not found.)"
2021-04-20 16:49:45.131540500000 [$pid(ThreadId 5)] ERROR APP - user error (<getModule> loaded module can not find from path. <c:\Users\rhala\Code\ParserCombinators\test\Spec.hs> [("JsonParser","C:\\Users\\rhala\\Code\\ParserCombinators\\src\\JsonParser.hs"),("ParserLib","C:\\Users\\rhala\\Code\\ParserCombinators\\src\\ParserLib.hs")])
2021-04-20 16:49:45.203115900000 [$pid(ThreadId 5)] ERROR APP - start debugging failed. user error (ExecResult not found.) : Left "user error (ExecResult not found.)"
2021-04-20 16:50:14.212051000000 [$pid(ThreadId 5)] ERROR APP - user error (<getModule> loaded module can not find from path. <c:\Users\rhala\Code\ParserCombinators\src\JsonParser.hs> [("Main","C:/Users/rhala/Code/ParserCombinators/test/Spec.hs")])
2021-04-20 16:50:19.906144400000 [$pid(ThreadId 5)] ERROR APP - invalid dap result from ghci. ["hi<<DAP>>Right (StoppedEventBody {reasonStoppedEventBody = \"complete\", descriptionStoppedEventBody = \"\", threadIdStoppedEventBody = 0, textStoppedEventBody = \"\", allThreadsStoppedStoppedEventBody = True})","H>>= "]
2021-04-20 16:50:37.511770700000 [$pid(ThreadId 5)] ERROR APP - user error (<getModule> loaded module can not find from path. <c:\Users\rhala\Code\ParserCombinators\src\JsonParser.hs> [("Main","C:/Users/rhala/Code/ParserCombinators/test/Spec.hs")])
2021-04-20 16:50:37.575461200000 [$pid(ThreadId 5)] CRITICAL APP - invalid dap result from ghci. ["hi<<DAP>>Right (StoppedEventBody {reasonStoppedEventBody = \"complete\", descriptionStoppedEventBody = \"\", threadIdStoppedEventBody = 0, textStoppedEventBody = \"\", allThreadsStoppedStoppedEventBody = True})","H>>= "]
2021-04-20 16:50:58.287841900000 [$pid(ThreadId 5)] ERROR APP - user error (<getModule> loaded module can not find from path. <c:\Users\rhala\Code\ParserCombinators\src\JsonParser.hs> [("Main","C:/Users/rhala/Code/ParserCombinators/test/Spec.hs")])
2021-04-20 16:50:58.367891800000 [$pid(ThreadId 5)] CRITICAL APP - invalid dap result from ghci. ["hi<<DAP>>Right (StoppedEventBody {reasonStoppedEventBody = \"complete\", descriptionStoppedEventBody = \"\", threadIdStoppedEventBody = 0, textStoppedEventBody = \"\", allThreadsStoppedStoppedEventBody = True})","H>>= "]
2021-04-20 16:51:20.558874600000 [$pid(ThreadId 5)] CRITICAL APP - invalid dap result from ghci. ["hi<<DAP>>Right (StoppedEventBody {reasonStoppedEventBody = \"complete\", descriptionStoppedEventBody = \"\", threadIdStoppedEventBody = 0, textStoppedEventBody = \"\", allThreadsStoppedStoppedEventBody = True})","H>>= "]
2021-04-20 16:52:34.434584800000 [$pid(ThreadId 5)] ERROR APP - start debugging failed. user error (ExecResult not found.) : Left "user error (ExecResult not found.)"
2021-04-20 16:52:41.831418900000 [$pid(ThreadId 5)] ERROR APP - user error (<getModule> loaded module can not find from path. <c:\Users\rhala\Code\ParserCombinators\test\Spec.hs> [("JsonParser","C:\\Users\\rhala\\Code\\ParserCombinators\\src\\JsonParser.hs"),("ParserLib","C:\\Users\\rhala\\Code\\ParserCombinators\\src\\ParserLib.hs")])
2021-04-20 16:52:47.287738300000 [$pid(ThreadId 5)] ERROR APP - user error (<getModule> loaded module can not find from path. <c:\Users\rhala\Code\ParserCombinators\test\Spec.hs> [("JsonParser","C:\\Users\\rhala\\Code\\ParserCombinators\\src\\JsonParser.hs"),("ParserLib","C:\\Users\\rhala\\Code\\ParserCombinators\\src\\ParserLib.hs")])
2021-04-20 16:52:47.367751700000 [$pid(ThreadId 5)] ERROR APP - start debugging failed. user error (ExecResult not found.) : Left "user error (ExecResult not found.)"
2021-04-20 16:53:50.149836800000 [$pid(ThreadId 5)] ERROR APP - user error (<getModule> loaded module can not find from path. <c:\Users\rhala\Code\ParserCombinators\test\Spec.hs> [("JsonParser","C:\\Users\\rhala\\Code\\ParserCombinators\\src\\JsonParser.hs"),("ParserLib","C:\\Users\\rhala\\Code\\ParserCombinators\\src\\ParserLib.hs")])
2021-04-20 16:53:50.215401400000 [$pid(ThreadId 5)] ERROR APP - start debugging failed. user error (ExecResult not found.) : Left "user error (ExecResult not found.)"
2021-04-20 16:55:56.792990600000 [$pid(ThreadId 5)] ERROR APP - user error (<getModule> loaded module can not find from path. <c:\Users\rhala\Code\ParserCombinators\src\JsonParser.hs> [("Lib","C:\\Users\\rhala\\Code\\ParserCombinators\\src\\Lib.hs")])
2021-04-20 16:55:56.824997700000 [$pid(ThreadId 5)] ERROR APP - user error (<getModule> loaded module can not find from path. <c:\Users\rhala\Code\ParserCombinators\test\Spec.hs> [("Lib","C:\\Users\\rhala\\Code\\ParserCombinators\\src\\Lib.hs")])
2021-04-20 16:55:56.881011800000 [$pid(ThreadId 5)] ERROR APP - start debugging failed. user error (ExecResult not found.) : Left "user error (ExecResult not found.)"
2021-04-20 16:58:46.328339400000 [$pid(ThreadId 5)] ERROR APP - user error (<getModule> loaded module can not find from path. <c:\Users\rhala\Code\ParserCombinators\src\JsonParser.hs> [("Lib","C:\\Users\\rhala\\Code\\ParserCombinators\\src\\Lib.hs")])
2021-04-20 16:58:46.360344300000 [$pid(ThreadId 5)] ERROR APP - user error (<getModule> loaded module can not find from path. <c:\Users\rhala\Code\ParserCombinators\test\Spec.hs> [("Lib","C:\\Users\\rhala\\Code\\ParserCombinators\\src\\Lib.hs")])
2021-04-20 16:58:46.432380800000 [$pid(ThreadId 5)] ERROR APP - start debugging failed. user error (ExecResult not found.) : Left "user error (ExecResult not found.)"
2021-04-20 16:59:05.978012100000 [$pid(ThreadId 5)] ERROR APP - user error (<getModule> loaded module can not find from path. <c:\Users\rhala\Code\ParserCombinators\test\Spec.hs> [("JsonParser","C:\\Users\\rhala\\Code\\ParserCombinators\\src\\JsonParser.hs"),("ParserLib","C:\\Users\\rhala\\Code\\ParserCombinators\\src\\ParserLib.hs")])
2021-04-20 16:59:06.061152100000 [$pid(ThreadId 5)] ERROR APP - start debugging failed. user error (ExecResult not found.) : Left "user error (ExecResult not found.)"
2021-04-20 17:00:04.196596700000 [$pid(ThreadId 5)] ERROR APP - user error (<getModule> loaded module can not find from path. <c:\Users\rhala\Code\ParserCombinators\test\Spec.hs> [("JsonParser","C:\\Users\\rhala\\Code\\ParserCombinators\\src\\JsonParser.hs"),("ParserLib","C:\\Users\\rhala\\Code\\ParserCombinators\\src\\ParserLib.hs")])
2021-04-20 17:00:04.292624000000 [$pid(ThreadId 5)] ERROR APP - start debugging failed. user error (ExecResult not found.) : Left "user error (ExecResult not found.)"
2021-04-20 17:09:01.576480000000 [$pid(ThreadId 5)] ERROR APP - invalid dap result from ghci. ["Just (\"\",JsonObject [(\"name\",JsonString \"Ryan\"),(\"items\",JsonArray [JsonString \"hi\",JsonString \"hello\",JsonString \"yeet\"])])<<DAP>>Right (StoppedEventBody {reasonStoppedEventBody = \"complete\", descriptionStoppedEventBody = \"\", threadIdStoppedEventBody = 0, textStoppedEventBody = \"\", allThreadsStoppedStoppedEventBody = True})","H>>= "]
